<?xml version="1.0" encoding="UTF-8"?>
<!-- Generated by org.testng.reporters.JUnitReportReporter -->
<testsuite ignored="0" hostname="MSI" failures="0" tests="1" name="loginTestCases.TC_02_ErrorLock2" time="0.233" errors="0" timestamp="18 ago. 2023 19:50:50 GMT" skipped="0">
  <testcase classname="loginTestCases.TC_02_ErrorLock2" name="TC_01" time="0.233"/>
</testsuite> <!-- loginTestCases.TC_02_ErrorLock2 -->
