<?xml version="1.0" encoding="UTF-8"?>
<!-- Generated by org.testng.reporters.JUnitReportReporter -->
<testsuite ignored="0" hostname="MSI" failures="0" tests="1" name="inventoryTestCases.TC_03" time="0.240" errors="0" timestamp="19 ago. 2023 15:17:34 GMT" skipped="0">
  <testcase classname="inventoryTestCases.TC_03" name="TC_03_Inv" time="0.240"/>
</testsuite> <!-- inventoryTestCases.TC_03 -->
