<?xml version="1.0" encoding="UTF-8"?>
<!-- Generated by org.testng.reporters.JUnitReportReporter -->
<testsuite ignored="0" hostname="MSI" failures="0" tests="1" name="prueba.Ejemplo_Hard_Aseertion" time="4.946" errors="0" timestamp="12 ago. 2023 15:28:18 GMT" skipped="0">
  <testcase classname="prueba.Ejemplo_Hard_Aseertion" name="Test1" time="4.946"/>
</testsuite> <!-- prueba.Ejemplo_Hard_Aseertion -->
