<?xml version="1.0" encoding="UTF-8"?>
<!-- Generated by org.testng.reporters.JUnitReportReporter -->
<testsuite ignored="0" hostname="MSI" failures="0" tests="1" name="loginTestCases.TC_04_LoginJson" time="0.238" errors="0" timestamp="19 ago. 2023 16:16:14 GMT" skipped="0">
  <testcase classname="loginTestCases.TC_04_LoginJson" name="TC_04" time="0.238"/>
</testsuite> <!-- loginTestCases.TC_04_LoginJson -->
