<?xml version="1.0" encoding="UTF-8"?>
<!-- Generated by org.testng.reporters.JUnitReportReporter -->
<testsuite ignored="0" hostname="MSI" failures="0" tests="1" name="prueba.NewTest" time="2.768" errors="0" timestamp="22 jul. 2023 16:45:44 GMT" skipped="0">
  <testcase classname="prueba.NewTest" name="tc01" time="2.768"/>
</testsuite> <!-- prueba.NewTest -->
