<?xml version="1.0" encoding="UTF-8"?>
<!-- Generated by org.testng.reporters.JUnitReportReporter -->
<testsuite ignored="0" hostname="MSI" failures="0" tests="1" name="loginTestCases.TC_05_LoginExcel" time="0.522" errors="0" timestamp="19 ago. 2023 17:12:10 GMT" skipped="0">
  <testcase classname="loginTestCases.TC_05_LoginExcel" name="TC_05" time="0.522"/>
</testsuite> <!-- loginTestCases.TC_05_LoginExcel -->
